# JRE version: OpenJDK Runtime Environment (11.0.11+9) (build 11.0.11+9-post-Debian-1deb10u1)
# Java VM: OpenJDK 64-Bit Server VM (11.0.11+9-post-Debian-1deb10u1, mixed mode, sharing, tiered, compressed oops, parallel gc, linux-amd64)
Heap:
 PSYoungGen      total 22528K, used 2523K [0x00000000eab00000, 0x00000000ec300000, 0x0000000100000000)
  eden space 21504K, 7% used [0x00000000eab00000,0x00000000eac7c090,0x00000000ec000000)
  from space 1024K, 97% used [0x00000000ec200000,0x00000000ec2fac10,0x00000000ec300000)
  to   space 1536K, 0% used [0x00000000ec000000,0x00000000ec000000,0x00000000ec180000)
 ParOldGen       total 68608K, used 30290K [0x00000000c0000000, 0x00000000c4300000, 0x00000000eab00000)
  object space 68608K, 44% used [0x00000000c0000000,0x00000000c1d94a58,0x00000000c4300000)
 Metaspace       used 40455K, capacity 42989K, committed 43224K, reserved 1087488K
  class space    used 4194K, capacity 5026K, committed 5120K, reserved 1048576K
GC Heap History (20 events):
Event: 19.750 GC heap before
{Heap before GC invocations=9 (full 2):
 PSYoungGen      total 26624K, used 23552K [0x00000000eab00000, 0x00000000ece80000, 0x0000000100000000)
  eden space 23552K, 100% used [0x00000000eab00000,0x00000000ec200000,0x00000000ec200000)
  from space 3072K, 0% used [0x00000000ec780000,0x00000000ec780000,0x00000000eca80000)
  to   space 5632K, 0% used [0x00000000ec200000,0x00000000ec200000,0x00000000ec780000)
 ParOldGen       total 68608K, used 15171K [0x00000000c0000000, 0x00000000c4300000, 0x00000000eab00000)
  object space 68608K, 22% used [0x00000000c0000000,0x00000000c0ed0f28,0x00000000c4300000)
 Metaspace       used 34725K, capacity 37088K, committed 37336K, reserved 1081344K
  class space    used 3777K, capacity 4572K, committed 4608K, reserved 1048576K
}
Event: 19.761 GC heap after
{Heap after GC invocations=9 (full 2):
 PSYoungGen      total 25600K, used 2336K [0x00000000eab00000, 0x00000000ec880000, 0x0000000100000000)
  eden space 23040K, 0% used [0x00000000eab00000,0x00000000eab00000,0x00000000ec180000)
  from space 2560K, 91% used [0x00000000ec200000,0x00000000ec448020,0x00000000ec480000)
  to   space 3584K, 0% used [0x00000000ec500000,0x00000000ec500000,0x00000000ec880000)
 ParOldGen       total 68608K, used 15179K [0x00000000c0000000, 0x00000000c4300000, 0x00000000eab00000)
  object space 68608K, 22% used [0x00000000c0000000,0x00000000c0ed2f28,0x00000000c4300000)
 Metaspace       used 34725K, capacity 37088K, committed 37336K, reserved 1081344K
  class space    used 3777K, capacity 4572K, committed 4608K, reserved 1048576K
}
Event: 20.221 GC heap before
{Heap before GC invocations=10 (full 2):
 PSYoungGen      total 25600K, used 25376K [0x00000000eab00000, 0x00000000ec880000, 0x0000000100000000)
  eden space 23040K, 100% used [0x00000000eab00000,0x00000000ec180000,0x00000000ec180000)
  from space 2560K, 91% used [0x00000000ec200000,0x00000000ec448020,0x00000000ec480000)
  to   space 3584K, 0% used [0x00000000ec500000,0x00000000ec500000,0x00000000ec880000)
 ParOldGen       total 68608K, used 15179K [0x00000000c0000000, 0x00000000c4300000, 0x00000000eab00000)
  object space 68608K, 22% used [0x00000000c0000000,0x00000000c0ed2f28,0x00000000c4300000)
 Metaspace       used 34817K, capacity 37154K, committed 37336K, reserved 1081344K
  class space    used 3781K, capacity 4572K, committed 4608K, reserved 1048576K
}
Event: 20.254 GC heap after
{Heap after GC invocations=10 (full 2):
 PSYoungGen      total 25088K, used 3552K [0x00000000eab00000, 0x00000000ecb00000, 0x0000000100000000)
  eden space 21504K, 0% used [0x00000000eab00000,0x00000000eab00000,0x00000000ec000000)
  from space 3584K, 99% used [0x00000000ec500000,0x00000000ec878020,0x00000000ec880000)
  to   space 5120K, 0% used [0x00000000ec000000,0x00000000ec000000,0x00000000ec500000)
 ParOldGen       total 68608K, used 15931K [0x00000000c0000000, 0x00000000c4300000, 0x00000000eab00000)
  object space 68608K, 23% used [0x00000000c0000000,0x00000000c0f8ef28,0x00000000c4300000)
 Metaspace       used 34817K, capacity 37154K, committed 37336K, reserved 1081344K
  class space    used 3781K, capacity 4572K, committed 4608K, reserved 1048576K
}
Event: 20.597 GC heap before
{Heap before GC invocations=11 (full 2):
 PSYoungGen      total 25088K, used 25056K [0x00000000eab00000, 0x00000000ecb00000, 0x0000000100000000)
  eden space 21504K, 100% used [0x00000000eab00000,0x00000000ec000000,0x00000000ec000000)
  from space 3584K, 99% used [0x00000000ec500000,0x00000000ec878020,0x00000000ec880000)
  to   space 5120K, 0% used [0x00000000ec000000,0x00000000ec000000,0x00000000ec500000)
 ParOldGen       total 68608K, used 15931K [0x00000000c0000000, 0x00000000c4300000, 0x00000000eab00000)
  object space 68608K, 23% used [0x00000000c0000000,0x00000000c0f8ef28,0x00000000c4300000)
 Metaspace       used 34917K, capacity 37250K, committed 37336K, reserved 1081344K
  class space    used 3786K, capacity 4604K, committed 4608K, reserved 1048576K
}
Event: 20.631 GC heap after
{Heap after GC invocations=11 (full 2):
 PSYoungGen      total 26624K, used 5106K [0x00000000eab00000, 0x00000000ecc00000, 0x0000000100000000)
  eden space 21504K, 0% used [0x00000000eab00000,0x00000000eab00000,0x00000000ec000000)
  from space 5120K, 99% used [0x00000000ec000000,0x00000000ec4fcb38,0x00000000ec500000)
  to   space 6144K, 0% used [0x00000000ec600000,0x00000000ec600000,0x00000000ecc00000)
 ParOldGen       total 68608K, used 16348K [0x00000000c0000000, 0x00000000c4300000, 0x00000000eab00000)
  object space 68608K, 23% used [0x00000000c0000000,0x00000000c0ff7290,0x00000000c4300000)
 Metaspace       used 34917K, capacity 37250K, committed 37336K, reserved 1081344K
  class space    used 3786K, capacity 4604K, committed 4608K, reserved 1048576K
}
Event: 20.876 GC heap before
{Heap before GC invocations=12 (full 2):
 PSYoungGen      total 26624K, used 26610K [0x00000000eab00000, 0x00000000ecc00000, 0x0000000100000000)
  eden space 21504K, 100% used [0x00000000eab00000,0x00000000ec000000,0x00000000ec000000)
  from space 5120K, 99% used [0x00000000ec000000,0x00000000ec4fcb38,0x00000000ec500000)
  to   space 6144K, 0% used [0x00000000ec600000,0x00000000ec600000,0x00000000ecc00000)
 ParOldGen       total 68608K, used 16348K [0x00000000c0000000, 0x00000000c4300000, 0x00000000eab00000)
  object space 68608K, 23% used [0x00000000c0000000,0x00000000c0ff7290,0x00000000c4300000)
 Metaspace       used 34993K, capacity 37314K, committed 37592K, reserved 1083392K
  class space    used 3792K, capacity 4604K, committed 4608K, reserved 1048576K
}
Event: 20.954 GC heap after
{Heap after GC invocations=12 (full 2):
 PSYoungGen      total 26112K, used 4480K [0x00000000eab00000, 0x00000000eca80000, 0x0000000100000000)
  eden space 21504K, 0% used [0x00000000eab00000,0x00000000eab00000,0x00000000ec000000)
  from space 4608K, 97% used [0x00000000ec600000,0x00000000eca60020,0x00000000eca80000)
  to   space 5120K, 0% used [0x00000000ec080000,0x00000000ec080000,0x00000000ec580000)
 ParOldGen       total 68608K, used 19552K [0x00000000c0000000, 0x00000000c4300000, 0x00000000eab00000)
  object space 68608K, 28% used [0x00000000c0000000,0x00000000c1318300,0x00000000c4300000)
 Metaspace       used 34993K, capacity 37314K, committed 37592K, reserved 1083392K
  class space    used 3792K, capacity 4604K, committed 4608K, reserved 1048576K
}
Event: 21.112 GC heap before
{Heap before GC invocations=13 (full 2):
 PSYoungGen      total 26112K, used 25984K [0x00000000eab00000, 0x00000000eca80000, 0x0000000100000000)
  eden space 21504K, 100% used [0x00000000eab00000,0x00000000ec000000,0x00000000ec000000)
  from space 4608K, 97% used [0x00000000ec600000,0x00000000eca60020,0x00000000eca80000)
  to   space 5120K, 0% used [0x00000000ec080000,0x00000000ec080000,0x00000000ec580000)
 ParOldGen       total 68608K, used 19552K [0x00000000c0000000, 0x00000000c4300000, 0x00000000eab00000)
  object space 68608K, 28% used [0x00000000c0000000,0x00000000c1318300,0x00000000c4300000)
 Metaspace       used 34999K, capacity 37314K, committed 37592K, reserved 1083392K
  class space    used 3792K, capacity 4604K, committed 4608K, reserved 1048576K
}
Event: 21.146 GC heap after
{Heap after GC invocations=13 (full 2):
 PSYoungGen      total 24064K, used 2464K [0x00000000eab00000, 0x00000000ec700000, 0x0000000100000000)
  eden space 21504K, 0% used [0x00000000eab00000,0x00000000eab00000,0x00000000ec000000)
  from space 2560K, 96% used [0x00000000ec080000,0x00000000ec2e8010,0x00000000ec300000)
  to   space 3584K, 0% used [0x00000000ec380000,0x00000000ec380000,0x00000000ec700000)
 ParOldGen       total 68608K, used 23870K [0x00000000c0000000, 0x00000000c4300000, 0x00000000eab00000)
  object space 68608K, 34% used [0x00000000c0000000,0x00000000c174fb80,0x00000000c4300000)
 Metaspace       used 34999K, capacity 37314K, committed 37592K, reserved 1083392K
  class space    used 3792K, capacity 4604K, committed 4608K, reserved 1048576K
}
Event: 21.278 GC heap before
{Heap before GC invocations=14 (full 2):
 PSYoungGen      total 24064K, used 23968K [0x00000000eab00000, 0x00000000ec700000, 0x0000000100000000)
  eden space 21504K, 100% used [0x00000000eab00000,0x00000000ec000000,0x00000000ec000000)
  from space 2560K, 96% used [0x00000000ec080000,0x00000000ec2e8010,0x00000000ec300000)
  to   space 3584K, 0% used [0x00000000ec380000,0x00000000ec380000,0x00000000ec700000)
 ParOldGen       total 68608K, used 23870K [0x00000000c0000000, 0x00000000c4300000, 0x00000000eab00000)
  object space 68608K, 34% used [0x00000000c0000000,0x00000000c174fb80,0x00000000c4300000)
 Metaspace       used 34999K, capacity 37314K, committed 37592K, reserved 1083392K
  class space    used 3792K, capacity 4604K, committed 4608K, reserved 1048576K
}
Event: 21.299 GC heap after
{Heap after GC invocations=14 (full 2):
 PSYoungGen      total 24064K, used 2112K [0x00000000eab00000, 0x00000000ec600000, 0x0000000100000000)
  eden space 21504K, 0% used [0x00000000eab00000,0x00000000eab00000,0x00000000ec000000)
  from space 2560K, 82% used [0x00000000ec380000,0x00000000ec590000,0x00000000ec600000)
  to   space 2560K, 0% used [0x00000000ec080000,0x00000000ec080000,0x00000000ec300000)
 ParOldGen       total 68608K, used 26301K [0x00000000c0000000, 0x00000000c4300000, 0x00000000eab00000)
  object space 68608K, 38% used [0x00000000c0000000,0x00000000c19af410,0x00000000c4300000)
 Metaspace       used 34999K, capacity 37314K, committed 37592K, reserved 1083392K
  class space    used 3792K, capacity 4604K, committed 4608K, reserved 1048576K
}
Event: 22.381 GC heap before
{Heap before GC invocations=15 (full 2):
 PSYoungGen      total 24064K, used 23616K [0x00000000eab00000, 0x00000000ec600000, 0x0000000100000000)
  eden space 21504K, 100% used [0x00000000eab00000,0x00000000ec000000,0x00000000ec000000)
  from space 2560K, 82% used [0x00000000ec380000,0x00000000ec590000,0x00000000ec600000)
  to   space 2560K, 0% used [0x00000000ec080000,0x00000000ec080000,0x00000000ec300000)
 ParOldGen       total 68608K, used 26301K [0x00000000c0000000, 0x00000000c4300000, 0x00000000eab00000)
  object space 68608K, 38% used [0x00000000c0000000,0x00000000c19af410,0x00000000c4300000)
 Metaspace       used 35401K, capacity 37679K, committed 37976K, reserved 1083392K
  class space    used 3815K, capacity 4640K, committed 4736K, reserved 1048576K
}
Event: 22.405 GC heap after
{Heap after GC invocations=15 (full 2):
 PSYoungGen      total 23552K, used 1632K [0x00000000eab00000, 0x00000000ec400000, 0x0000000100000000)
  eden space 21504K, 0% used [0x00000000eab00000,0x00000000eab00000,0x00000000ec000000)
  from space 2048K, 79% used [0x00000000ec080000,0x00000000ec218000,0x00000000ec280000)
  to   space 1536K, 0% used [0x00000000ec280000,0x00000000ec280000,0x00000000ec400000)
 ParOldGen       total 68608K, used 28333K [0x00000000c0000000, 0x00000000c4300000, 0x00000000eab00000)
  object space 68608K, 41% used [0x00000000c0000000,0x00000000c1bab410,0x00000000c4300000)
 Metaspace       used 35401K, capacity 37679K, committed 37976K, reserved 1083392K
  class space    used 3815K, capacity 4640K, committed 4736K, reserved 1048576K
}
Event: 23.039 GC heap before
{Heap before GC invocations=16 (full 2):
 PSYoungGen      total 23552K, used 23136K [0x00000000eab00000, 0x00000000ec400000, 0x0000000100000000)
  eden space 21504K, 100% used [0x00000000eab00000,0x00000000ec000000,0x00000000ec000000)
  from space 2048K, 79% used [0x00000000ec080000,0x00000000ec218000,0x00000000ec280000)
  to   space 1536K, 0% used [0x00000000ec280000,0x00000000ec280000,0x00000000ec400000)
 ParOldGen       total 68608K, used 28333K [0x00000000c0000000, 0x00000000c4300000, 0x00000000eab00000)
  object space 68608K, 41% used [0x00000000c0000000,0x00000000c1bab410,0x00000000c4300000)
 Metaspace       used 35411K, capacity 37682K, committed 37976K, reserved 1083392K
  class space    used 3816K, capacity 4641K, committed 4736K, reserved 1048576K
}
Event: 23.059 GC heap after
{Heap after GC invocations=16 (full 2):
 PSYoungGen      total 22016K, used 96K [0x00000000eab00000, 0x00000000ec300000, 0x0000000100000000)
  eden space 21504K, 0% used [0x00000000eab00000,0x00000000eab00000,0x00000000ec000000)
  from space 512K, 18% used [0x00000000ec280000,0x00000000ec298000,0x00000000ec300000)
  to   space 1024K, 0% used [0x00000000ec100000,0x00000000ec100000,0x00000000ec200000)
 ParOldGen       total 68608K, used 29949K [0x00000000c0000000, 0x00000000c4300000, 0x00000000eab00000)
  object space 68608K, 43% used [0x00000000c0000000,0x00000000c1d3f410,0x00000000c4300000)
 Metaspace       used 35411K, capacity 37682K, committed 37976K, reserved 1083392K
  class space    used 3816K, capacity 4641K, committed 4736K, reserved 1048576K
}
Event: 24.017 GC heap before
{Heap before GC invocations=17 (full 2):
 PSYoungGen      total 22016K, used 21600K [0x00000000eab00000, 0x00000000ec300000, 0x0000000100000000)
  eden space 21504K, 100% used [0x00000000eab00000,0x00000000ec000000,0x00000000ec000000)
  from space 512K, 18% used [0x00000000ec280000,0x00000000ec298000,0x00000000ec300000)
  to   space 1024K, 0% used [0x00000000ec100000,0x00000000ec100000,0x00000000ec200000)
 ParOldGen       total 68608K, used 29949K [0x00000000c0000000, 0x00000000c4300000, 0x00000000eab00000)
  object space 68608K, 43% used [0x00000000c0000000,0x00000000c1d3f410,0x00000000c4300000)
 Metaspace       used 35819K, capacity 38171K, committed 38488K, reserved 1083392K
  class space    used 3860K, capacity 4653K, committed 4736K, reserved 1048576K
}
Event: 24.026 GC heap after
{Heap after GC invocations=17 (full 2):
 PSYoungGen      total 22528K, used 441K [0x00000000eab00000, 0x00000000ec300000, 0x0000000100000000)
  eden space 21504K, 0% used [0x00000000eab00000,0x00000000eab00000,0x00000000ec000000)
  from space 1024K, 43% used [0x00000000ec100000,0x00000000ec16e470,0x00000000ec200000)
  to   space 1024K, 0% used [0x00000000ec200000,0x00000000ec200000,0x00000000ec300000)
 ParOldGen       total 68608K, used 29957K [0x00000000c0000000, 0x00000000c4300000, 0x00000000eab00000)
  object space 68608K, 43% used [0x00000000c0000000,0x00000000c1d41410,0x00000000c4300000)
 Metaspace       used 35819K, capacity 38171K, committed 38488K, reserved 1083392K
  class space    used 3860K, capacity 4653K, committed 4736K, reserved 1048576K
}
Event: 793.112 GC heap before
{Heap before GC invocations=18 (full 2):
 PSYoungGen      total 22528K, used 21942K [0x00000000eab00000, 0x00000000ec300000, 0x0000000100000000)
  eden space 21504K, 99% used [0x00000000eab00000,0x00000000ebfff408,0x00000000ec000000)
  from space 1024K, 43% used [0x00000000ec100000,0x00000000ec16e470,0x00000000ec200000)
  to   space 1024K, 0% used [0x00000000ec200000,0x00000000ec200000,0x00000000ec300000)
 ParOldGen       total 68608K, used 29957K [0x00000000c0000000, 0x00000000c4300000, 0x00000000eab00000)
  object space 68608K, 43% used [0x00000000c0000000,0x00000000c1d41410,0x00000000c4300000)
 Metaspace       used 40437K, capacity 42925K, committed 43224K, reserved 1087488K
  class space    used 4194K, capacity 5026K, committed 5120K, reserved 1048576K
}
Event: 793.134 GC heap after
{Heap after GC invocations=18 (full 2):
 PSYoungGen      total 22528K, used 1003K [0x00000000eab00000, 0x00000000ec300000, 0x0000000100000000)
  eden space 21504K, 0% used [0x00000000eab00000,0x00000000eab00000,0x00000000ec000000)
  from space 1024K, 97% used [0x00000000ec200000,0x00000000ec2fac10,0x00000000ec300000)
  to   space 1536K, 0% used [0x00000000ec000000,0x00000000ec000000,0x00000000ec180000)
 ParOldGen       total 68608K, used 30290K [0x00000000c0000000, 0x00000000c4300000, 0x00000000eab00000)
  object space 68608K, 44% used [0x00000000c0000000,0x00000000c1d94a58,0x00000000c4300000)
 Metaspace       used 40437K, capacity 42925K, committed 43224K, reserved 1087488K
  class space    used 4194K, capacity 5026K, committed 5120K, reserved 1048576K
}

