# JRE version: OpenJDK Runtime Environment (11.0.11+9) (build 11.0.11+9-post-Debian-1deb10u1)
# Java VM: OpenJDK 64-Bit Server VM (11.0.11+9-post-Debian-1deb10u1, mixed mode, sharing, tiered, compressed oops, parallel gc, linux-amd64)
Heap:
 PSYoungGen      total 46592K, used 38380K [0x00000000eab00000, 0x00000000eeb00000, 0x0000000100000000)
  eden space 43008K, 87% used [0x00000000eab00000,0x00000000ecf9b070,0x00000000ed500000)
  from space 3584K, 25% used [0x00000000ee500000,0x00000000ee5e0000,0x00000000ee880000)
  to   space 1536K, 0% used [0x00000000ee980000,0x00000000ee980000,0x00000000eeb00000)
 ParOldGen       total 436736K, used 380558K [0x00000000c0000000, 0x00000000daa80000, 0x00000000eab00000)
  object space 436736K, 87% used [0x00000000c0000000,0x00000000d73a3800,0x00000000daa80000)
 Metaspace       used 64723K, capacity 67864K, committed 68056K, reserved 1110016K
  class space    used 6466K, capacity 7641K, committed 7680K, reserved 1048576K
GC Heap History (20 events):
Event: 1057.567 GC heap before
{Heap before GC invocations=79 (full 8):
 PSYoungGen      total 55808K, used 51444K [0x00000000eab00000, 0x00000000efc80000, 0x0000000100000000)
  eden space 48128K, 100% used [0x00000000eab00000,0x00000000eda00000,0x00000000eda00000)
  from space 7680K, 43% used [0x00000000eef80000,0x00000000ef2bd170,0x00000000ef700000)
  to   space 5120K, 0% used [0x00000000ef780000,0x00000000ef780000,0x00000000efc80000)
 ParOldGen       total 436736K, used 365386K [0x00000000c0000000, 0x00000000daa80000, 0x00000000eab00000)
  object space 436736K, 83% used [0x00000000c0000000,0x00000000d64d2b28,0x00000000daa80000)
 Metaspace       used 63738K, capacity 67013K, committed 67288K, reserved 1110016K
  class space    used 6447K, capacity 7629K, committed 7680K, reserved 1048576K
}
Event: 1057.585 GC heap after
{Heap after GC invocations=79 (full 8):
 PSYoungGen      total 51200K, used 3301K [0x00000000eab00000, 0x00000000efb00000, 0x0000000100000000)
  eden space 47616K, 0% used [0x00000000eab00000,0x00000000eab00000,0x00000000ed980000)
  from space 3584K, 92% used [0x00000000ef780000,0x00000000efab9540,0x00000000efb00000)
  to   space 3584K, 0% used [0x00000000ef400000,0x00000000ef400000,0x00000000ef780000)
 ParOldGen       total 436736K, used 365394K [0x00000000c0000000, 0x00000000daa80000, 0x00000000eab00000)
  object space 436736K, 83% used [0x00000000c0000000,0x00000000d64d4b28,0x00000000daa80000)
 Metaspace       used 63738K, capacity 67013K, committed 67288K, reserved 1110016K
  class space    used 6447K, capacity 7629K, committed 7680K, reserved 1048576K
}
Event: 1070.512 GC heap before
{Heap before GC invocations=80 (full 8):
 PSYoungGen      total 51200K, used 50917K [0x00000000eab00000, 0x00000000efb00000, 0x0000000100000000)
  eden space 47616K, 100% used [0x00000000eab00000,0x00000000ed980000,0x00000000ed980000)
  from space 3584K, 92% used [0x00000000ef780000,0x00000000efab9540,0x00000000efb00000)
  to   space 3584K, 0% used [0x00000000ef400000,0x00000000ef400000,0x00000000ef780000)
 ParOldGen       total 436736K, used 365394K [0x00000000c0000000, 0x00000000daa80000, 0x00000000eab00000)
  object space 436736K, 83% used [0x00000000c0000000,0x00000000d64d4b28,0x00000000daa80000)
 Metaspace       used 63919K, capacity 67103K, committed 67288K, reserved 1110016K
  class space    used 6449K, capacity 7633K, committed 7680K, reserved 1048576K
}
Event: 1070.543 GC heap after
{Heap after GC invocations=80 (full 8):
 PSYoungGen      total 50688K, used 3268K [0x00000000eab00000, 0x00000000ef800000, 0x0000000100000000)
  eden space 47104K, 0% used [0x00000000eab00000,0x00000000eab00000,0x00000000ed900000)
  from space 3584K, 91% used [0x00000000ef400000,0x00000000ef731180,0x00000000ef780000)
  to   space 512K, 0% used [0x00000000ef780000,0x00000000ef780000,0x00000000ef800000)
 ParOldGen       total 436736K, used 365402K [0x00000000c0000000, 0x00000000daa80000, 0x00000000eab00000)
  object space 436736K, 83% used [0x00000000c0000000,0x00000000d64d6b28,0x00000000daa80000)
 Metaspace       used 63919K, capacity 67103K, committed 67288K, reserved 1110016K
  class space    used 6449K, capacity 7633K, committed 7680K, reserved 1048576K
}
Event: 1073.721 GC heap before
{Heap before GC invocations=81 (full 8):
 PSYoungGen      total 50688K, used 50372K [0x00000000eab00000, 0x00000000ef800000, 0x0000000100000000)
  eden space 47104K, 100% used [0x00000000eab00000,0x00000000ed900000,0x00000000ed900000)
  from space 3584K, 91% used [0x00000000ef400000,0x00000000ef731180,0x00000000ef780000)
  to   space 512K, 0% used [0x00000000ef780000,0x00000000ef780000,0x00000000ef800000)
 ParOldGen       total 436736K, used 365402K [0x00000000c0000000, 0x00000000daa80000, 0x00000000eab00000)
  object space 436736K, 83% used [0x00000000c0000000,0x00000000d64d6b28,0x00000000daa80000)
 Metaspace       used 63975K, capacity 67183K, committed 67288K, reserved 1110016K
  class space    used 6450K, capacity 7636K, committed 7680K, reserved 1048576K
}
Event: 1073.762 GC heap after
{Heap after GC invocations=81 (full 8):
 PSYoungGen      total 47104K, used 485K [0x00000000eab00000, 0x00000000ef800000, 0x0000000100000000)
  eden space 46592K, 0% used [0x00000000eab00000,0x00000000eab00000,0x00000000ed880000)
  from space 512K, 94% used [0x00000000ef780000,0x00000000ef7f94f0,0x00000000ef800000)
  to   space 3072K, 0% used [0x00000000ef200000,0x00000000ef200000,0x00000000ef500000)
 ParOldGen       total 436736K, used 367711K [0x00000000c0000000, 0x00000000daa80000, 0x00000000eab00000)
  object space 436736K, 84% used [0x00000000c0000000,0x00000000d6717db8,0x00000000daa80000)
 Metaspace       used 63975K, capacity 67183K, committed 67288K, reserved 1110016K
  class space    used 6450K, capacity 7636K, committed 7680K, reserved 1048576K
}
Event: 1077.961 GC heap before
{Heap before GC invocations=82 (full 8):
 PSYoungGen      total 47104K, used 47077K [0x00000000eab00000, 0x00000000ef800000, 0x0000000100000000)
  eden space 46592K, 100% used [0x00000000eab00000,0x00000000ed880000,0x00000000ed880000)
  from space 512K, 94% used [0x00000000ef780000,0x00000000ef7f94f0,0x00000000ef800000)
  to   space 3072K, 0% used [0x00000000ef200000,0x00000000ef200000,0x00000000ef500000)
 ParOldGen       total 436736K, used 367711K [0x00000000c0000000, 0x00000000daa80000, 0x00000000eab00000)
  object space 436736K, 84% used [0x00000000c0000000,0x00000000d6717db8,0x00000000daa80000)
 Metaspace       used 64143K, capacity 67443K, committed 67544K, reserved 1110016K
  class space    used 6459K, capacity 7636K, committed 7680K, reserved 1048576K
}
Event: 1077.992 GC heap after
{Heap after GC invocations=82 (full 8):
 PSYoungGen      total 49152K, used 3047K [0x00000000eab00000, 0x00000000ef800000, 0x0000000100000000)
  eden space 46080K, 0% used [0x00000000eab00000,0x00000000eab00000,0x00000000ed800000)
  from space 3072K, 99% used [0x00000000ef200000,0x00000000ef4f9e70,0x00000000ef500000)
  to   space 3072K, 0% used [0x00000000ef500000,0x00000000ef500000,0x00000000ef800000)
 ParOldGen       total 436736K, used 370581K [0x00000000c0000000, 0x00000000daa80000, 0x00000000eab00000)
  object space 436736K, 84% used [0x00000000c0000000,0x00000000d69e5430,0x00000000daa80000)
 Metaspace       used 64143K, capacity 67443K, committed 67544K, reserved 1110016K
  class space    used 6459K, capacity 7636K, committed 7680K, reserved 1048576K
}
Event: 1081.063 GC heap before
{Heap before GC invocations=83 (full 8):
 PSYoungGen      total 49152K, used 49127K [0x00000000eab00000, 0x00000000ef800000, 0x0000000100000000)
  eden space 46080K, 100% used [0x00000000eab00000,0x00000000ed800000,0x00000000ed800000)
  from space 3072K, 99% used [0x00000000ef200000,0x00000000ef4f9e70,0x00000000ef500000)
  to   space 3072K, 0% used [0x00000000ef500000,0x00000000ef500000,0x00000000ef800000)
 ParOldGen       total 436736K, used 370581K [0x00000000c0000000, 0x00000000daa80000, 0x00000000eab00000)
  object space 436736K, 84% used [0x00000000c0000000,0x00000000d69e5430,0x00000000daa80000)
 Metaspace       used 64245K, capacity 67517K, committed 67800K, reserved 1110016K
  class space    used 6463K, capacity 7638K, committed 7680K, reserved 1048576K
}
Event: 1081.142 GC heap after
{Heap after GC invocations=83 (full 8):
 PSYoungGen      total 48640K, used 3040K [0x00000000eab00000, 0x00000000ef800000, 0x0000000100000000)
  eden space 45568K, 0% used [0x00000000eab00000,0x00000000eab00000,0x00000000ed780000)
  from space 3072K, 98% used [0x00000000ef500000,0x00000000ef7f8058,0x00000000ef800000)
  to   space 5632K, 0% used [0x00000000eed00000,0x00000000eed00000,0x00000000ef280000)
 ParOldGen       total 436736K, used 372612K [0x00000000c0000000, 0x00000000daa80000, 0x00000000eab00000)
  object space 436736K, 85% used [0x00000000c0000000,0x00000000d6be1258,0x00000000daa80000)
 Metaspace       used 64245K, capacity 67517K, committed 67800K, reserved 1110016K
  class space    used 6463K, capacity 7638K, committed 7680K, reserved 1048576K
}
Event: 1170.390 GC heap before
{Heap before GC invocations=84 (full 8):
 PSYoungGen      total 48640K, used 48608K [0x00000000eab00000, 0x00000000ef800000, 0x0000000100000000)
  eden space 45568K, 100% used [0x00000000eab00000,0x00000000ed780000,0x00000000ed780000)
  from space 3072K, 98% used [0x00000000ef500000,0x00000000ef7f8058,0x00000000ef800000)
  to   space 5632K, 0% used [0x00000000eed00000,0x00000000eed00000,0x00000000ef280000)
 ParOldGen       total 436736K, used 372612K [0x00000000c0000000, 0x00000000daa80000, 0x00000000eab00000)
  object space 436736K, 85% used [0x00000000c0000000,0x00000000d6be1258,0x00000000daa80000)
 Metaspace       used 64399K, capacity 67599K, committed 67800K, reserved 1110016K
  class space    used 6464K, capacity 7641K, committed 7680K, reserved 1048576K
}
Event: 1170.433 GC heap after
{Heap after GC invocations=84 (full 8):
 PSYoungGen      total 48640K, used 3312K [0x00000000eab00000, 0x00000000ef580000, 0x0000000100000000)
  eden space 45056K, 0% used [0x00000000eab00000,0x00000000eab00000,0x00000000ed700000)
  from space 3584K, 92% used [0x00000000eed00000,0x00000000ef03c010,0x00000000ef080000)
  to   space 4096K, 0% used [0x00000000ef180000,0x00000000ef180000,0x00000000ef580000)
 ParOldGen       total 436736K, used 373233K [0x00000000c0000000, 0x00000000daa80000, 0x00000000eab00000)
  object space 436736K, 85% used [0x00000000c0000000,0x00000000d6c7c778,0x00000000daa80000)
 Metaspace       used 64399K, capacity 67599K, committed 67800K, reserved 1110016K
  class space    used 6464K, capacity 7641K, committed 7680K, reserved 1048576K
}
Event: 1194.316 GC heap before
{Heap before GC invocations=85 (full 8):
 PSYoungGen      total 48640K, used 48368K [0x00000000eab00000, 0x00000000ef580000, 0x0000000100000000)
  eden space 45056K, 100% used [0x00000000eab00000,0x00000000ed700000,0x00000000ed700000)
  from space 3584K, 92% used [0x00000000eed00000,0x00000000ef03c010,0x00000000ef080000)
  to   space 4096K, 0% used [0x00000000ef180000,0x00000000ef180000,0x00000000ef580000)
 ParOldGen       total 436736K, used 373233K [0x00000000c0000000, 0x00000000daa80000, 0x00000000eab00000)
  object space 436736K, 85% used [0x00000000c0000000,0x00000000d6c7c778,0x00000000daa80000)
 Metaspace       used 64450K, capacity 67665K, committed 67800K, reserved 1110016K
  class space    used 6464K, capacity 7641K, committed 7680K, reserved 1048576K
}
Event: 1194.355 GC heap after
{Heap after GC invocations=85 (full 8):
 PSYoungGen      total 48640K, used 4071K [0x00000000eab00000, 0x00000000ef580000, 0x0000000100000000)
  eden space 44544K, 0% used [0x00000000eab00000,0x00000000eab00000,0x00000000ed680000)
  from space 4096K, 99% used [0x00000000ef180000,0x00000000ef579e38,0x00000000ef580000)
  to   space 10752K, 0% used [0x00000000ee080000,0x00000000ee080000,0x00000000eeb00000)
 ParOldGen       total 436736K, used 378478K [0x00000000c0000000, 0x00000000daa80000, 0x00000000eab00000)
  object space 436736K, 86% used [0x00000000c0000000,0x00000000d719ba20,0x00000000daa80000)
 Metaspace       used 64450K, capacity 67665K, committed 67800K, reserved 1110016K
  class space    used 6464K, capacity 7641K, committed 7680K, reserved 1048576K
}
Event: 1194.915 GC heap before
{Heap before GC invocations=86 (full 8):
 PSYoungGen      total 48640K, used 48615K [0x00000000eab00000, 0x00000000ef580000, 0x0000000100000000)
  eden space 44544K, 100% used [0x00000000eab00000,0x00000000ed680000,0x00000000ed680000)
  from space 4096K, 99% used [0x00000000ef180000,0x00000000ef579e38,0x00000000ef580000)
  to   space 10752K, 0% used [0x00000000ee080000,0x00000000ee080000,0x00000000eeb00000)
 ParOldGen       total 436736K, used 378478K [0x00000000c0000000, 0x00000000daa80000, 0x00000000eab00000)
  object space 436736K, 86% used [0x00000000c0000000,0x00000000d719ba20,0x00000000daa80000)
 Metaspace       used 64452K, capacity 67665K, committed 67800K, reserved 1110016K
  class space    used 6464K, capacity 7641K, committed 7680K, reserved 1048576K
}
Event: 1194.988 GC heap after
{Heap after GC invocations=86 (full 8):
 PSYoungGen      total 50688K, used 6159K [0x00000000eab00000, 0x00000000ef200000, 0x0000000100000000)
  eden space 44032K, 0% used [0x00000000eab00000,0x00000000eab00000,0x00000000ed600000)
  from space 6656K, 92% used [0x00000000ee080000,0x00000000ee683c50,0x00000000ee700000)
  to   space 7680K, 0% used [0x00000000eea80000,0x00000000eea80000,0x00000000ef200000)
 ParOldGen       total 436736K, used 380550K [0x00000000c0000000, 0x00000000daa80000, 0x00000000eab00000)
  object space 436736K, 87% used [0x00000000c0000000,0x00000000d73a1800,0x00000000daa80000)
 Metaspace       used 64452K, capacity 67665K, committed 67800K, reserved 1110016K
  class space    used 6464K, capacity 7641K, committed 7680K, reserved 1048576K
}
Event: 1200.401 GC heap before
{Heap before GC invocations=87 (full 8):
 PSYoungGen      total 50688K, used 50191K [0x00000000eab00000, 0x00000000ef200000, 0x0000000100000000)
  eden space 44032K, 100% used [0x00000000eab00000,0x00000000ed600000,0x00000000ed600000)
  from space 6656K, 92% used [0x00000000ee080000,0x00000000ee683c50,0x00000000ee700000)
  to   space 7680K, 0% used [0x00000000eea80000,0x00000000eea80000,0x00000000ef200000)
 ParOldGen       total 436736K, used 380550K [0x00000000c0000000, 0x00000000daa80000, 0x00000000eab00000)
  object space 436736K, 87% used [0x00000000c0000000,0x00000000d73a1800,0x00000000daa80000)
 Metaspace       used 64511K, capacity 67729K, committed 68056K, reserved 1110016K
  class space    used 6465K, capacity 7641K, committed 7680K, reserved 1048576K
}
Event: 1200.427 GC heap after
{Heap after GC invocations=87 (full 8):
 PSYoungGen      total 45056K, used 1440K [0x00000000eab00000, 0x00000000eec00000, 0x0000000100000000)
  eden space 43520K, 0% used [0x00000000eab00000,0x00000000eab00000,0x00000000ed580000)
  from space 1536K, 93% used [0x00000000eea80000,0x00000000eebe8020,0x00000000eec00000)
  to   space 3584K, 0% used [0x00000000ee500000,0x00000000ee500000,0x00000000ee880000)
 ParOldGen       total 436736K, used 380550K [0x00000000c0000000, 0x00000000daa80000, 0x00000000eab00000)
  object space 436736K, 87% used [0x00000000c0000000,0x00000000d73a1800,0x00000000daa80000)
 Metaspace       used 64511K, capacity 67729K, committed 68056K, reserved 1110016K
  class space    used 6465K, capacity 7641K, committed 7680K, reserved 1048576K
}
Event: 5781.021 GC heap before
{Heap before GC invocations=88 (full 8):
 PSYoungGen      total 45056K, used 44954K [0x00000000eab00000, 0x00000000eec00000, 0x0000000100000000)
  eden space 43520K, 99% used [0x00000000eab00000,0x00000000ed57e810,0x00000000ed580000)
  from space 1536K, 93% used [0x00000000eea80000,0x00000000eebe8020,0x00000000eec00000)
  to   space 3584K, 0% used [0x00000000ee500000,0x00000000ee500000,0x00000000ee880000)
 ParOldGen       total 436736K, used 380550K [0x00000000c0000000, 0x00000000daa80000, 0x00000000eab00000)
  object space 436736K, 87% used [0x00000000c0000000,0x00000000d73a1800,0x00000000daa80000)
 Metaspace       used 64685K, capacity 67800K, committed 68056K, reserved 1110016K
  class space    used 6466K, capacity 7641K, committed 7680K, reserved 1048576K
}
Event: 5781.067 GC heap after
{Heap after GC invocations=88 (full 8):
 PSYoungGen      total 46592K, used 896K [0x00000000eab00000, 0x00000000eeb00000, 0x0000000100000000)
  eden space 43008K, 0% used [0x00000000eab00000,0x00000000eab00000,0x00000000ed500000)
  from space 3584K, 25% used [0x00000000ee500000,0x00000000ee5e0000,0x00000000ee880000)
  to   space 1536K, 0% used [0x00000000ee980000,0x00000000ee980000,0x00000000eeb00000)
 ParOldGen       total 436736K, used 380558K [0x00000000c0000000, 0x00000000daa80000, 0x00000000eab00000)
  object space 436736K, 87% used [0x00000000c0000000,0x00000000d73a3800,0x00000000daa80000)
 Metaspace       used 64685K, capacity 67800K, committed 68056K, reserved 1110016K
  class space    used 6466K, capacity 7641K, committed 7680K, reserved 1048576K
}

