# JRE version: OpenJDK Runtime Environment (11.0.11+9) (build 11.0.11+9-post-Debian-1deb10u1)
# Java VM: OpenJDK 64-Bit Server VM (11.0.11+9-post-Debian-1deb10u1, mixed mode, sharing, tiered, compressed oops, parallel gc, linux-amd64)
Heap:
 PSYoungGen      total 22528K, used 1976K [0x00000000eab00000, 0x00000000ec280000, 0x0000000100000000)
  eden space 22016K, 8% used [0x00000000eab00000,0x00000000eacde2b0,0x00000000ec080000)
  from space 512K, 12% used [0x00000000ec180000,0x00000000ec190000,0x00000000ec200000)
  to   space 512K, 0% used [0x00000000ec200000,0x00000000ec200000,0x00000000ec280000)
 ParOldGen      
GC Heap History (20 events):
Event: 17.544 GC heap before
{Heap before GC invocations=12 (full 2):
 PSYoungGen      total 27136K, used 27104K [0x00000000eab00000, 0x00000000ecb80000, 0x0000000100000000)
  eden space 22016K, 100% used [0x00000000eab00000,0x00000000ec080000,0x00000000ec080000)
  from space 5120K, 99% used [0x00000000ec100000,0x00000000ec5f8020,0x00000000ec600000)
  to   space 5632K, 0% used [0x00000000ec600000,0x00000000ec600000,0x00000000ecb80000)
 ParOldGen       total 68608K, used 15835K [0x00000000c0000000, 0x00000000c4300000, 0x00000000eab00000)
  object space 68608K, 23% used [0x00000000c0000000,0x00000000c0f76dc8,0x00000000c4300000)
 Metaspace       used 35039K, capacity 37342K, committed 37720K, reserved 1083392K
  class space    used 3786K, capacity 4636K, committed 4736K, reserved 1048576K
}
Event: 17.569 GC heap after
{Heap after GC invocations=12 (full 2):
 PSYoungGen      total 26112K, used 3936K [0x00000000eab00000, 0x00000000eca00000, 0x0000000100000000)
  eden space 22016K, 0% used [0x00000000eab00000,0x00000000eab00000,0x00000000ec080000)
  from space 4096K, 96% used [0x00000000ec600000,0x00000000ec9d8020,0x00000000eca00000)
  to   space 4608K, 0% used [0x00000000ec100000,0x00000000ec100000,0x00000000ec580000)
 ParOldGen       total 68608K, used 19253K [0x00000000c0000000, 0x00000000c4300000, 0x00000000eab00000)
  object space 68608K, 28% used [0x00000000c0000000,0x00000000c12cd4e8,0x00000000c4300000)
 Metaspace       used 35039K, capacity 37342K, committed 37720K, reserved 1083392K
  class space    used 3786K, capacity 4636K, committed 4736K, reserved 1048576K
}
Event: 17.726 GC heap before
{Heap before GC invocations=13 (full 2):
 PSYoungGen      total 26112K, used 25952K [0x00000000eab00000, 0x00000000eca00000, 0x0000000100000000)
  eden space 22016K, 100% used [0x00000000eab00000,0x00000000ec080000,0x00000000ec080000)
  from space 4096K, 96% used [0x00000000ec600000,0x00000000ec9d8020,0x00000000eca00000)
  to   space 4608K, 0% used [0x00000000ec100000,0x00000000ec100000,0x00000000ec580000)
 ParOldGen       total 68608K, used 19253K [0x00000000c0000000, 0x00000000c4300000, 0x00000000eab00000)
  object space 68608K, 28% used [0x00000000c0000000,0x00000000c12cd4e8,0x00000000c4300000)
 Metaspace       used 35043K, capacity 37342K, committed 37720K, reserved 1083392K
  class space    used 3786K, capacity 4636K, committed 4736K, reserved 1048576K
}
Event: 17.804 GC heap after
{Heap after GC invocations=13 (full 2):
 PSYoungGen      total 24576K, used 2176K [0x00000000eab00000, 0x00000000ec680000, 0x0000000100000000)
  eden space 22016K, 0% used [0x00000000eab00000,0x00000000eab00000,0x00000000ec080000)
  from space 2560K, 85% used [0x00000000ec100000,0x00000000ec320010,0x00000000ec380000)
  to   space 3072K, 0% used [0x00000000ec380000,0x00000000ec380000,0x00000000ec680000)
 ParOldGen       total 68608K, used 23035K [0x00000000c0000000, 0x00000000c4300000, 0x00000000eab00000)
  object space 68608K, 33% used [0x00000000c0000000,0x00000000c167ed68,0x00000000c4300000)
 Metaspace       used 35043K, capacity 37342K, committed 37720K, reserved 1083392K
  class space    used 3786K, capacity 4636K, committed 4736K, reserved 1048576K
}
Event: 17.984 GC heap before
{Heap before GC invocations=14 (full 2):
 PSYoungGen      total 24576K, used 24192K [0x00000000eab00000, 0x00000000ec680000, 0x0000000100000000)
  eden space 22016K, 100% used [0x00000000eab00000,0x00000000ec080000,0x00000000ec080000)
  from space 2560K, 85% used [0x00000000ec100000,0x00000000ec320010,0x00000000ec380000)
  to   space 3072K, 0% used [0x00000000ec380000,0x00000000ec380000,0x00000000ec680000)
 ParOldGen       total 68608K, used 23035K [0x00000000c0000000, 0x00000000c4300000, 0x00000000eab00000)
  object space 68608K, 33% used [0x00000000c0000000,0x00000000c167ed68,0x00000000c4300000)
 Metaspace       used 35046K, capacity 37342K, committed 37720K, reserved 1083392K
  class space    used 3786K, capacity 4636K, committed 4736K, reserved 1048576K
}
Event: 18.053 GC heap after
{Heap after GC invocations=14 (full 2):
 PSYoungGen      total 24064K, used 1952K [0x00000000eab00000, 0x00000000ec580000, 0x0000000100000000)
  eden space 22016K, 0% used [0x00000000eab00000,0x00000000eab00000,0x00000000ec080000)
  from space 2048K, 95% used [0x00000000ec380000,0x00000000ec568000,0x00000000ec580000)
  to   space 2560K, 0% used [0x00000000ec080000,0x00000000ec080000,0x00000000ec300000)
 ParOldGen       total 68608K, used 25171K [0x00000000c0000000, 0x00000000c4300000, 0x00000000eab00000)
  object space 68608K, 36% used [0x00000000c0000000,0x00000000c1894d78,0x00000000c4300000)
 Metaspace       used 35046K, capacity 37342K, committed 37720K, reserved 1083392K
  class space    used 3786K, capacity 4636K, committed 4736K, reserved 1048576K
}
Event: 18.342 GC heap before
{Heap before GC invocations=15 (full 2):
 PSYoungGen      total 24064K, used 23968K [0x00000000eab00000, 0x00000000ec580000, 0x0000000100000000)
  eden space 22016K, 100% used [0x00000000eab00000,0x00000000ec080000,0x00000000ec080000)
  from space 2048K, 95% used [0x00000000ec380000,0x00000000ec568000,0x00000000ec580000)
  to   space 2560K, 0% used [0x00000000ec080000,0x00000000ec080000,0x00000000ec300000)
 ParOldGen       total 68608K, used 25171K [0x00000000c0000000, 0x00000000c4300000, 0x00000000eab00000)
  object space 68608K, 36% used [0x00000000c0000000,0x00000000c1894d78,0x00000000c4300000)
 Metaspace       used 35046K, capacity 37342K, committed 37720K, reserved 1083392K
  class space    used 3786K, capacity 4636K, committed 4736K, reserved 1048576K
}
Event: 18.418 GC heap after
{Heap after GC invocations=15 (full 2):
 PSYoungGen      total 24064K, used 1760K [0x00000000eab00000, 0x00000000ec480000, 0x0000000100000000)
  eden space 22016K, 0% used [0x00000000eab00000,0x00000000eab00000,0x00000000ec080000)
  from space 2048K, 85% used [0x00000000ec080000,0x00000000ec238000,0x00000000ec280000)
  to   space 2048K, 0% used [0x00000000ec280000,0x00000000ec280000,0x00000000ec480000)
 ParOldGen       total 68608K, used 27081K [0x00000000c0000000, 0x00000000c4300000, 0x00000000eab00000)
  object space 68608K, 39% used [0x00000000c0000000,0x00000000c1a725f8,0x00000000c4300000)
 Metaspace       used 35046K, capacity 37342K, committed 37720K, reserved 1083392K
  class space    used 3786K, capacity 4636K, committed 4736K, reserved 1048576K
}
Event: 19.565 GC heap before
{Heap before GC invocations=16 (full 2):
 PSYoungGen      total 24064K, used 23776K [0x00000000eab00000, 0x00000000ec480000, 0x0000000100000000)
  eden space 22016K, 100% used [0x00000000eab00000,0x00000000ec080000,0x00000000ec080000)
  from space 2048K, 85% used [0x00000000ec080000,0x00000000ec238000,0x00000000ec280000)
  to   space 2048K, 0% used [0x00000000ec280000,0x00000000ec280000,0x00000000ec480000)
 ParOldGen       total 68608K, used 27081K [0x00000000c0000000, 0x00000000c4300000, 0x00000000eab00000)
  object space 68608K, 39% used [0x00000000c0000000,0x00000000c1a725f8,0x00000000c4300000)
 Metaspace       used 35396K, capacity 37707K, committed 37976K, reserved 1083392K
  class space    used 3808K, capacity 4672K, committed 4736K, reserved 1048576K
}
Event: 19.594 GC heap after
{Heap after GC invocations=16 (full 2):
 PSYoungGen      total 23552K, used 1152K [0x00000000eab00000, 0x00000000ec400000, 0x0000000100000000)
  eden space 22016K, 0% used [0x00000000eab00000,0x00000000eab00000,0x00000000ec080000)
  from space 1536K, 75% used [0x00000000ec280000,0x00000000ec3a0000,0x00000000ec400000)
  to   space 1536K, 0% used [0x00000000ec100000,0x00000000ec100000,0x00000000ec280000)
 ParOldGen       total 68608K, used 28817K [0x00000000c0000000, 0x00000000c4300000, 0x00000000eab00000)
  object space 68608K, 42% used [0x00000000c0000000,0x00000000c1c245f8,0x00000000c4300000)
 Metaspace       used 35396K, capacity 37707K, committed 37976K, reserved 1083392K
  class space    used 3808K, capacity 4672K, committed 4736K, reserved 1048576K
}
Event: 20.188 GC heap before
{Heap before GC invocations=17 (full 2):
 PSYoungGen      total 23552K, used 23168K [0x00000000eab00000, 0x00000000ec400000, 0x0000000100000000)
  eden space 22016K, 100% used [0x00000000eab00000,0x00000000ec080000,0x00000000ec080000)
  from space 1536K, 75% used [0x00000000ec280000,0x00000000ec3a0000,0x00000000ec400000)
  to   space 1536K, 0% used [0x00000000ec100000,0x00000000ec100000,0x00000000ec280000)
 ParOldGen       total 68608K, used 28817K [0x00000000c0000000, 0x00000000c4300000, 0x00000000eab00000)
  object space 68608K, 42% used [0x00000000c0000000,0x00000000c1c245f8,0x00000000c4300000)
 Metaspace       used 35400K, capacity 37710K, committed 37976K, reserved 1083392K
  class space    used 3809K, capacity 4673K, committed 4736K, reserved 1048576K
}
Event: 20.207 GC heap after
{Heap after GC invocations=17 (full 2):
 PSYoungGen      total 22528K, used 128K [0x00000000eab00000, 0x00000000ec300000, 0x0000000100000000)
  eden space 22016K, 0% used [0x00000000eab00000,0x00000000eab00000,0x00000000ec080000)
  from space 512K, 25% used [0x00000000ec100000,0x00000000ec120000,0x00000000ec180000)
  to   space 1024K, 0% used [0x00000000ec200000,0x00000000ec200000,0x00000000ec300000)
 ParOldGen       total 68608K, used 29905K [0x00000000c0000000, 0x00000000c4300000, 0x00000000eab00000)
  object space 68608K, 43% used [0x00000000c0000000,0x00000000c1d345f8,0x00000000c4300000)
 Metaspace       used 35400K, capacity 37710K, committed 37976K, reserved 1083392K
  class space    used 3809K, capacity 4673K, committed 4736K, reserved 1048576K
}
Event: 21.190 GC heap before
{Heap before GC invocations=18 (full 2):
 PSYoungGen      total 22528K, used 22144K [0x00000000eab00000, 0x00000000ec300000, 0x0000000100000000)
  eden space 22016K, 100% used [0x00000000eab00000,0x00000000ec080000,0x00000000ec080000)
  from space 512K, 25% used [0x00000000ec100000,0x00000000ec120000,0x00000000ec180000)
  to   space 1024K, 0% used [0x00000000ec200000,0x00000000ec200000,0x00000000ec300000)
 ParOldGen       total 68608K, used 29905K [0x00000000c0000000, 0x00000000c4300000, 0x00000000eab00000)
  object space 68608K, 43% used [0x00000000c0000000,0x00000000c1d345f8,0x00000000c4300000)
 Metaspace       used 36371K, capacity 38749K, committed 39000K, reserved 1083392K
  class space    used 3876K, capacity 4719K, committed 4736K, reserved 1048576K
}
Event: 21.203 GC heap after
{Heap after GC invocations=18 (full 2):
 PSYoungGen      total 23040K, used 793K [0x00000000eab00000, 0x00000000ec300000, 0x0000000100000000)
  eden space 22016K, 0% used [0x00000000eab00000,0x00000000eab00000,0x00000000ec080000)
  from space 1024K, 77% used [0x00000000ec200000,0x00000000ec2c6470,0x00000000ec300000)
  to   space 1024K, 0% used [0x00000000ec100000,0x00000000ec100000,0x00000000ec200000)
 ParOldGen       total 68608K, used 29921K [0x00000000c0000000, 0x00000000c4300000, 0x00000000eab00000)
  object space 68608K, 43% used [0x00000000c0000000,0x00000000c1d385f8,0x00000000c4300000)
 Metaspace       used 36371K, capacity 38749K, committed 39000K, reserved 1083392K
  class space    used 3876K, capacity 4719K, committed 4736K, reserved 1048576K
}
Event: 4006.778 GC heap before
{Heap before GC invocations=19 (full 2):
 PSYoungGen      total 23040K, used 22809K [0x00000000eab00000, 0x00000000ec300000, 0x0000000100000000)
  eden space 22016K, 99% used [0x00000000eab00000,0x00000000ec07ffd0,0x00000000ec080000)
  from space 1024K, 77% used [0x00000000ec200000,0x00000000ec2c6470,0x00000000ec300000)
  to   space 1024K, 0% used [0x00000000ec100000,0x00000000ec100000,0x00000000ec200000)
 ParOldGen       total 68608K, used 29921K [0x00000000c0000000, 0x00000000c4300000, 0x00000000eab00000)
  object space 68608K, 43% used [0x00000000c0000000,0x00000000c1d385f8,0x00000000c4300000)
 Metaspace       used 40566K, capacity 43026K, committed 43480K, reserved 1087488K
  class space    used 4193K, capacity 5059K, committed 5120K, reserved 1048576K
}
Event: 4006.806 GC heap after
{Heap after GC invocations=19 (full 2):
 PSYoungGen      total 23040K, used 645K [0x00000000eab00000, 0x00000000ec280000, 0x0000000100000000)
  eden space 22016K, 0% used [0x00000000eab00000,0x00000000eab00000,0x00000000ec080000)
  from space 1024K, 63% used [0x00000000ec100000,0x00000000ec1a1618,0x00000000ec200000)
  to   space 512K, 0% used [0x00000000ec200000,0x00000000ec200000,0x00000000ec280000)
 ParOldGen       total 68608K, used 30634K [0x00000000c0000000, 0x00000000c4300000, 0x00000000eab00000)
  object space 68608K, 44% used [0x00000000c0000000,0x00000000c1dea920,0x00000000c4300000)
 Metaspace       used 40566K, capacity 43026K, committed 43480K, reserved 1087488K
  class space    used 4193K, capacity 5059K, committed 5120K, reserved 1048576K
}
Event: 12300.190 GC heap before
{Heap before GC invocations=20 (full 2):
 PSYoungGen      total 23040K, used 22658K [0x00000000eab00000, 0x00000000ec280000, 0x0000000100000000)
  eden space 22016K, 99% used [0x00000000eab00000,0x00000000ec07f428,0x00000000ec080000)
  from space 1024K, 63% used [0x00000000ec100000,0x00000000ec1a1618,0x00000000ec200000)
  to   space 512K, 0% used [0x00000000ec200000,0x00000000ec200000,0x00000000ec280000)
 ParOldGen       total 68608K, used 30634K [0x00000000c0000000, 0x00000000c4300000, 0x00000000eab00000)
  object space 68608K, 44% used [0x00000000c0000000,0x00000000c1dea920,0x00000000c4300000)
 Metaspace       used 40610K, capacity 43026K, committed 43480K, reserved 1087488K
  class space    used 4193K, capacity 5059K, committed 5120K, reserved 1048576K
}
Event: 12300.203 GC heap after
{Heap after GC invocations=20 (full 2):
 PSYoungGen      total 22528K, used 96K [0x00000000eab00000, 0x00000000ec280000, 0x0000000100000000)
  eden space 22016K, 0% used [0x00000000eab00000,0x00000000eab00000,0x00000000ec080000)
  from space 512K, 18% used [0x00000000ec200000,0x00000000ec218000,0x00000000ec280000)
  to   space 512K, 0% used [0x00000000ec180000,0x00000000ec180000,0x00000000ec200000)
 ParOldGen       total 68608K, used 31241K [0x00000000c0000000, 0x00000000c4300000, 0x00000000eab00000)
  object space 68608K, 45% used [0x00000000c0000000,0x00000000c1e827b0,0x00000000c4300000)
 Metaspace       used 40610K, capacity 43026K, committed 43480K, reserved 1087488K
  class space    used 4193K, capacity 5059K, committed 5120K, reserved 1048576K
}
Event: 20723.089 GC heap before
{Heap before GC invocations=21 (full 2):
 PSYoungGen      total 22528K, used 22112K [0x00000000eab00000, 0x00000000ec280000, 0x0000000100000000)
  eden space 22016K, 100% used [0x00000000eab00000,0x00000000ec080000,0x00000000ec080000)
  from space 512K, 18% used [0x00000000ec200000,0x00000000ec218000,0x00000000ec280000)
  to   space 512K, 0% used [0x00000000ec180000,0x00000000ec180000,0x00000000ec200000)
 ParOldGen       total 68608K, used 31241K [0x00000000c0000000, 0x00000000c4300000, 0x00000000eab00000)
  object space 68608K, 45% used [0x00000000c0000000,0x00000000c1e827b0,0x00000000c4300000)
 Metaspace       used 40612K, capacity 43026K, committed 43480K, reserved 1087488K
  class space    used 4193K, capacity 5059K, committed 5120K, reserved 1048576K
}
Event: 20723.097 GC heap after
{Heap after GC invocations=21 (full 2):
 PSYoungGen      total 22528K, used 64K [0x00000000eab00000, 0x00000000ec280000, 0x0000000100000000)
  eden space 22016K, 0% used [0x00000000eab00000,0x00000000eab00000,0x00000000ec080000)
  from space 512K, 12% used [0x00000000ec180000,0x00000000ec190000,0x00000000ec200000)
  to   space 512K, 0% used [0x00000000ec200000,0x00000000ec200000,0x00000000ec280000)
 ParOldGen       total 68608K, used 31249K [0x00000000c0000000, 0x00000000c4300000, 0x00000000eab00000)
  object space 68608K, 45% used [0x00000000c0000000,0x00000000c1e847b0,0x00000000c4300000)
 Metaspace       used 40612K, capacity 43026K, committed 43480K, reserved 1087488K
  class space    used 4193K, capacity 5059K, committed 5120K, reserved 1048576K
}

