# JRE version: OpenJDK Runtime Environment (11.0.11+9) (build 11.0.11+9-post-Debian-1deb10u1)
# Java VM: OpenJDK 64-Bit Server VM (11.0.11+9-post-Debian-1deb10u1, mixed mode, sharing, tiered, compressed oops, parallel gc, linux-amd64)
Heap:
 PSYoungGen      total 20992K, used 17336K [0x00000000eab00000, 0x00000000ec380000, 0x0000000100000000)
  eden space 20480K, 84% used [0x00000000eab00000,0x00000000ebbde1b0,0x00000000ebf00000)
  from space 512K, 12% used [0x00000000ec280000,0x00000000ec290000,0x00000000ec300000)
  to   space 512K, 0% used [0x00000000ec300000,0x00000000ec300000,0x00000000ec380000)
 ParOldGen       total 68608K, used 26843K [0x00000000c0000000, 0x00000000c4300000, 0x00000000eab00000)
  object space 68608K, 39% used [0x00000000c0000000,0x00000000c1a36f58,0x00000000c4300000)
 Metaspace       used 33521K, capacity 35267K, committed 35584K, reserved 1081344K
  class space    used 3155K, capacity 3824K, committed 3840K, reserved 1048576K
GC Heap History (20 events):
Event: 29.840 GC heap before
{Heap before GC invocations=10 (full 1):
 PSYoungGen      total 28672K, used 28658K [0x00000000eab00000, 0x00000000ed480000, 0x0000000100000000)
  eden space 20480K, 100% used [0x00000000eab00000,0x00000000ebf00000,0x00000000ebf00000)
  from space 8192K, 99% used [0x00000000ec900000,0x00000000ed0fcb38,0x00000000ed100000)
  to   space 10240K, 0% used [0x00000000ebf00000,0x00000000ebf00000,0x00000000ec900000)
 ParOldGen       total 68608K, used 12852K [0x00000000c0000000, 0x00000000c4300000, 0x00000000eab00000)
  object space 68608K, 18% used [0x00000000c0000000,0x00000000c0c8d0e8,0x00000000c4300000)
 Metaspace       used 23362K, capacity 24944K, committed 25216K, reserved 1071104K
  class space    used 2324K, capacity 2877K, committed 2944K, reserved 1048576K
}
Event: 29.997 GC heap after
{Heap after GC invocations=10 (full 1):
 PSYoungGen      total 27648K, used 6784K [0x00000000eab00000, 0x00000000ecf00000, 0x0000000100000000)
  eden space 20480K, 0% used [0x00000000eab00000,0x00000000eab00000,0x00000000ebf00000)
  from space 7168K, 94% used [0x00000000ebf00000,0x00000000ec5a0020,0x00000000ec600000)
  to   space 8192K, 0% used [0x00000000ec700000,0x00000000ec700000,0x00000000ecf00000)
 ParOldGen       total 68608K, used 16159K [0x00000000c0000000, 0x00000000c4300000, 0x00000000eab00000)
  object space 68608K, 23% used [0x00000000c0000000,0x00000000c0fc7c00,0x00000000c4300000)
 Metaspace       used 23362K, capacity 24944K, committed 25216K, reserved 1071104K
  class space    used 2324K, capacity 2877K, committed 2944K, reserved 1048576K
}
Event: 34.279 GC heap before
{Heap before GC invocations=11 (full 1):
 PSYoungGen      total 27648K, used 27264K [0x00000000eab00000, 0x00000000ecf00000, 0x0000000100000000)
  eden space 20480K, 100% used [0x00000000eab00000,0x00000000ebf00000,0x00000000ebf00000)
  from space 7168K, 94% used [0x00000000ebf00000,0x00000000ec5a0020,0x00000000ec600000)
  to   space 8192K, 0% used [0x00000000ec700000,0x00000000ec700000,0x00000000ecf00000)
 ParOldGen       total 68608K, used 16159K [0x00000000c0000000, 0x00000000c4300000, 0x00000000eab00000)
  object space 68608K, 23% used [0x00000000c0000000,0x00000000c0fc7c00,0x00000000c4300000)
 Metaspace       used 29295K, capacity 31056K, committed 31360K, reserved 1077248K
  class space    used 2786K, capacity 3406K, committed 3456K, reserved 1048576K
}
Event: 34.428 GC heap after
{Heap after GC invocations=11 (full 1):
 PSYoungGen      total 26112K, used 5210K [0x00000000eab00000, 0x00000000ecc80000, 0x0000000100000000)
  eden space 20480K, 0% used [0x00000000eab00000,0x00000000eab00000,0x00000000ebf00000)
  from space 5632K, 92% used [0x00000000ec700000,0x00000000ecc169f8,0x00000000ecc80000)
  to   space 6144K, 0% used [0x00000000ec080000,0x00000000ec080000,0x00000000ec680000)
 ParOldGen       total 68608K, used 21034K [0x00000000c0000000, 0x00000000c4300000, 0x00000000eab00000)
  object space 68608K, 30% used [0x00000000c0000000,0x00000000c148a978,0x00000000c4300000)
 Metaspace       used 29295K, capacity 31056K, committed 31360K, reserved 1077248K
  class space    used 2786K, capacity 3406K, committed 3456K, reserved 1048576K
}
Event: 35.927 GC heap before
{Heap before GC invocations=12 (full 1):
 PSYoungGen      total 26112K, used 25690K [0x00000000eab00000, 0x00000000ecc80000, 0x0000000100000000)
  eden space 20480K, 100% used [0x00000000eab00000,0x00000000ebf00000,0x00000000ebf00000)
  from space 5632K, 92% used [0x00000000ec700000,0x00000000ecc169f8,0x00000000ecc80000)
  to   space 6144K, 0% used [0x00000000ec080000,0x00000000ec080000,0x00000000ec680000)
 ParOldGen       total 68608K, used 21034K [0x00000000c0000000, 0x00000000c4300000, 0x00000000eab00000)
  object space 68608K, 30% used [0x00000000c0000000,0x00000000c148a978,0x00000000c4300000)
 Metaspace       used 31536K, capacity 33289K, committed 33664K, reserved 1079296K
  class space    used 3009K, capacity 3681K, committed 3712K, reserved 1048576K
}
Event: 36.002 GC heap after
{Heap after GC invocations=12 (full 1):
 PSYoungGen      total 22016K, used 1273K [0x00000000eab00000, 0x00000000ec780000, 0x0000000100000000)
  eden space 20480K, 0% used [0x00000000eab00000,0x00000000eab00000,0x00000000ebf00000)
  from space 1536K, 82% used [0x00000000ec080000,0x00000000ec1be520,0x00000000ec200000)
  to   space 3072K, 0% used [0x00000000ec480000,0x00000000ec480000,0x00000000ec780000)
 ParOldGen       total 68608K, used 25952K [0x00000000c0000000, 0x00000000c4300000, 0x00000000eab00000)
  object space 68608K, 37% used [0x00000000c0000000,0x00000000c1958368,0x00000000c4300000)
 Metaspace       used 31536K, capacity 33289K, committed 33664K, reserved 1079296K
  class space    used 3009K, capacity 3681K, committed 3712K, reserved 1048576K
}
Event: 36.554 GC heap before
{Heap before GC invocations=13 (full 1):
 PSYoungGen      total 22016K, used 21753K [0x00000000eab00000, 0x00000000ec780000, 0x0000000100000000)
  eden space 20480K, 100% used [0x00000000eab00000,0x00000000ebf00000,0x00000000ebf00000)
  from space 1536K, 82% used [0x00000000ec080000,0x00000000ec1be520,0x00000000ec200000)
  to   space 3072K, 0% used [0x00000000ec480000,0x00000000ec480000,0x00000000ec780000)
 ParOldGen       total 68608K, used 25952K [0x00000000c0000000, 0x00000000c4300000, 0x00000000eab00000)
  object space 68608K, 37% used [0x00000000c0000000,0x00000000c1958368,0x00000000c4300000)
 Metaspace       used 31546K, capacity 33289K, committed 33664K, reserved 1079296K
  class space    used 3009K, capacity 3681K, committed 3712K, reserved 1048576K
}
Event: 36.594 GC heap after
{Heap after GC invocations=13 (full 1):
 PSYoungGen      total 21504K, used 592K [0x00000000eab00000, 0x00000000ec580000, 0x0000000100000000)
  eden space 20480K, 0% used [0x00000000eab00000,0x00000000eab00000,0x00000000ebf00000)
  from space 1024K, 57% used [0x00000000ec480000,0x00000000ec514010,0x00000000ec580000)
  to   space 1536K, 0% used [0x00000000ec280000,0x00000000ec280000,0x00000000ec400000)
 ParOldGen       total 68608K, used 27013K [0x00000000c0000000, 0x00000000c4300000, 0x00000000eab00000)
  object space 68608K, 39% used [0x00000000c0000000,0x00000000c1a61478,0x00000000c4300000)
 Metaspace       used 31546K, capacity 33289K, committed 33664K, reserved 1079296K
  class space    used 3009K, capacity 3681K, committed 3712K, reserved 1048576K
}
Event: 38.813 GC heap before
{Heap before GC invocations=14 (full 1):
 PSYoungGen      total 21504K, used 21072K [0x00000000eab00000, 0x00000000ec580000, 0x0000000100000000)
  eden space 20480K, 100% used [0x00000000eab00000,0x00000000ebf00000,0x00000000ebf00000)
  from space 1024K, 57% used [0x00000000ec480000,0x00000000ec514010,0x00000000ec580000)
  to   space 1536K, 0% used [0x00000000ec280000,0x00000000ec280000,0x00000000ec400000)
 ParOldGen       total 68608K, used 27013K [0x00000000c0000000, 0x00000000c4300000, 0x00000000eab00000)
  object space 68608K, 39% used [0x00000000c0000000,0x00000000c1a61478,0x00000000c4300000)
 Metaspace       used 31937K, capacity 33624K, committed 33920K, reserved 1079296K
  class space    used 3040K, capacity 3685K, committed 3712K, reserved 1048576K
}
Event: 38.836 GC heap after
{Heap after GC invocations=14 (full 1):
 PSYoungGen      total 22016K, used 1520K [0x00000000eab00000, 0x00000000ec500000, 0x0000000100000000)
  eden space 20480K, 0% used [0x00000000eab00000,0x00000000eab00000,0x00000000ebf00000)
  from space 1536K, 98% used [0x00000000ec280000,0x00000000ec3fc010,0x00000000ec400000)
  to   space 1024K, 0% used [0x00000000ec400000,0x00000000ec400000,0x00000000ec500000)
 ParOldGen       total 68608K, used 27648K [0x00000000c0000000, 0x00000000c4300000, 0x00000000eab00000)
  object space 68608K, 40% used [0x00000000c0000000,0x00000000c1b00338,0x00000000c4300000)
 Metaspace       used 31937K, capacity 33624K, committed 33920K, reserved 1079296K
  class space    used 3040K, capacity 3685K, committed 3712K, reserved 1048576K
}
Event: 52.777 GC heap before
{Heap before GC invocations=15 (full 1):
 PSYoungGen      total 22016K, used 21356K [0x00000000eab00000, 0x00000000ec500000, 0x0000000100000000)
  eden space 20480K, 96% used [0x00000000eab00000,0x00000000ebe5f198,0x00000000ebf00000)
  from space 1536K, 98% used [0x00000000ec280000,0x00000000ec3fc010,0x00000000ec400000)
  to   space 1024K, 0% used [0x00000000ec400000,0x00000000ec400000,0x00000000ec500000)
 ParOldGen       total 68608K, used 27648K [0x00000000c0000000, 0x00000000c4300000, 0x00000000eab00000)
  object space 68608K, 40% used [0x00000000c0000000,0x00000000c1b00338,0x00000000c4300000)
 Metaspace       used 33262K, capacity 35040K, committed 35328K, reserved 1081344K
  class space    used 3148K, capacity 3793K, committed 3840K, reserved 1048576K
}
Event: 52.818 GC heap after
{Heap after GC invocations=15 (full 1):
 PSYoungGen      total 21504K, used 1024K [0x00000000eab00000, 0x00000000ec600000, 0x0000000100000000)
  eden space 20480K, 0% used [0x00000000eab00000,0x00000000eab00000,0x00000000ebf00000)
  from space 1024K, 100% used [0x00000000ec400000,0x00000000ec500000,0x00000000ec500000)
  to   space 3584K, 0% used [0x00000000ebf00000,0x00000000ebf00000,0x00000000ec280000)
 ParOldGen       total 68608K, used 29851K [0x00000000c0000000, 0x00000000c4300000, 0x00000000eab00000)
  object space 68608K, 43% used [0x00000000c0000000,0x00000000c1d26c88,0x00000000c4300000)
 Metaspace       used 33262K, capacity 35040K, committed 35328K, reserved 1081344K
  class space    used 3148K, capacity 3793K, committed 3840K, reserved 1048576K
}
Event: 52.818 GC heap before
{Heap before GC invocations=16 (full 2):
 PSYoungGen      total 21504K, used 1024K [0x00000000eab00000, 0x00000000ec600000, 0x0000000100000000)
  eden space 20480K, 0% used [0x00000000eab00000,0x00000000eab00000,0x00000000ebf00000)
  from space 1024K, 100% used [0x00000000ec400000,0x00000000ec500000,0x00000000ec500000)
  to   space 3584K, 0% used [0x00000000ebf00000,0x00000000ebf00000,0x00000000ec280000)
 ParOldGen       total 68608K, used 29851K [0x00000000c0000000, 0x00000000c4300000, 0x00000000eab00000)
  object space 68608K, 43% used [0x00000000c0000000,0x00000000c1d26c88,0x00000000c4300000)
 Metaspace       used 33262K, capacity 35040K, committed 35328K, reserved 1081344K
  class space    used 3148K, capacity 3793K, committed 3840K, reserved 1048576K
}
Event: 53.993 GC heap after
{Heap after GC invocations=16 (full 2):
 PSYoungGen      total 21504K, used 0K [0x00000000eab00000, 0x00000000ec600000, 0x0000000100000000)
  eden space 20480K, 0% used [0x00000000eab00000,0x00000000eab00000,0x00000000ebf00000)
  from space 1024K, 0% used [0x00000000ec400000,0x00000000ec400000,0x00000000ec500000)
  to   space 3584K, 0% used [0x00000000ebf00000,0x00000000ebf00000,0x00000000ec280000)
 ParOldGen       total 68608K, used 26803K [0x00000000c0000000, 0x00000000c4300000, 0x00000000eab00000)
  object space 68608K, 39% used [0x00000000c0000000,0x00000000c1a2cf58,0x00000000c4300000)
 Metaspace       used 33260K, capacity 35037K, committed 35328K, reserved 1081344K
  class space    used 3147K, capacity 3792K, committed 3840K, reserved 1048576K
}
Event: 7658.314 GC heap before
{Heap before GC invocations=17 (full 2):
 PSYoungGen      total 21504K, used 20474K [0x00000000eab00000, 0x00000000ec600000, 0x0000000100000000)
  eden space 20480K, 99% used [0x00000000eab00000,0x00000000ebefebb8,0x00000000ebf00000)
  from space 1024K, 0% used [0x00000000ec400000,0x00000000ec400000,0x00000000ec500000)
  to   space 3584K, 0% used [0x00000000ebf00000,0x00000000ebf00000,0x00000000ec280000)
 ParOldGen       total 68608K, used 26803K [0x00000000c0000000, 0x00000000c4300000, 0x00000000eab00000)
  object space 68608K, 39% used [0x00000000c0000000,0x00000000c1a2cf58,0x00000000c4300000)
 Metaspace       used 33491K, capacity 35267K, committed 35584K, reserved 1081344K
  class space    used 3154K, capacity 3824K, committed 3840K, reserved 1048576K
}
Event: 7658.346 GC heap after
{Heap after GC invocations=17 (full 2):
 PSYoungGen      total 24064K, used 96K [0x00000000eab00000, 0x00000000ec480000, 0x0000000100000000)
  eden space 20480K, 0% used [0x00000000eab00000,0x00000000eab00000,0x00000000ebf00000)
  from space 3584K, 2% used [0x00000000ebf00000,0x00000000ebf18000,0x00000000ec280000)
  to   space 1536K, 0% used [0x00000000ec300000,0x00000000ec300000,0x00000000ec480000)
 ParOldGen       total 68608K, used 26811K [0x00000000c0000000, 0x00000000c4300000, 0x00000000eab00000)
  object space 68608K, 39% used [0x00000000c0000000,0x00000000c1a2ef58,0x00000000c4300000)
 Metaspace       used 33491K, capacity 35267K, committed 35584K, reserved 1081344K
  class space    used 3154K, capacity 3824K, committed 3840K, reserved 1048576K
}
Event: 15450.002 GC heap before
{Heap before GC invocations=18 (full 2):
 PSYoungGen      total 24064K, used 20576K [0x00000000eab00000, 0x00000000ec480000, 0x0000000100000000)
  eden space 20480K, 100% used [0x00000000eab00000,0x00000000ebf00000,0x00000000ebf00000)
  from space 3584K, 2% used [0x00000000ebf00000,0x00000000ebf18000,0x00000000ec280000)
  to   space 1536K, 0% used [0x00000000ec300000,0x00000000ec300000,0x00000000ec480000)
 ParOldGen       total 68608K, used 26811K [0x00000000c0000000, 0x00000000c4300000, 0x00000000eab00000)
  object space 68608K, 39% used [0x00000000c0000000,0x00000000c1a2ef58,0x00000000c4300000)
 Metaspace       used 33512K, capacity 35267K, committed 35584K, reserved 1081344K
  class space    used 3155K, capacity 3824K, committed 3840K, reserved 1048576K
}
Event: 15450.011 GC heap after
{Heap after GC invocations=18 (full 2):
 PSYoungGen      total 20992K, used 64K [0x00000000eab00000, 0x00000000ec380000, 0x0000000100000000)
  eden space 20480K, 0% used [0x00000000eab00000,0x00000000eab00000,0x00000000ebf00000)
  from space 512K, 12% used [0x00000000ec300000,0x00000000ec310000,0x00000000ec380000)
  to   space 512K, 0% used [0x00000000ec280000,0x00000000ec280000,0x00000000ec300000)
 ParOldGen       total 68608K, used 26827K [0x00000000c0000000, 0x00000000c4300000, 0x00000000eab00000)
  object space 68608K, 39% used [0x00000000c0000000,0x00000000c1a32f58,0x00000000c4300000)
 Metaspace       used 33512K, capacity 35267K, committed 35584K, reserved 1081344K
  class space    used 3155K, capacity 3824K, committed 3840K, reserved 1048576K
}
Event: 23331.647 GC heap before
{Heap before GC invocations=19 (full 2):
 PSYoungGen      total 20992K, used 20544K [0x00000000eab00000, 0x00000000ec380000, 0x0000000100000000)
  eden space 20480K, 100% used [0x00000000eab00000,0x00000000ebf00000,0x00000000ebf00000)
  from space 512K, 12% used [0x00000000ec300000,0x00000000ec310000,0x00000000ec380000)
  to   space 512K, 0% used [0x00000000ec280000,0x00000000ec280000,0x00000000ec300000)
 ParOldGen       total 68608K, used 26827K [0x00000000c0000000, 0x00000000c4300000, 0x00000000eab00000)
  object space 68608K, 39% used [0x00000000c0000000,0x00000000c1a32f58,0x00000000c4300000)
 Metaspace       used 33519K, capacity 35267K, committed 35584K, reserved 1081344K
  class space    used 3155K, capacity 3824K, committed 3840K, reserved 1048576K
}
Event: 23331.653 GC heap after
{Heap after GC invocations=19 (full 2):
 PSYoungGen      total 20992K, used 64K [0x00000000eab00000, 0x00000000ec380000, 0x0000000100000000)
  eden space 20480K, 0% used [0x00000000eab00000,0x00000000eab00000,0x00000000ebf00000)
  from space 512K, 12% used [0x00000000ec280000,0x00000000ec290000,0x00000000ec300000)
  to   space 512K, 0% used [0x00000000ec300000,0x00000000ec300000,0x00000000ec380000)
 ParOldGen       total 68608K, used 26843K [0x00000000c0000000, 0x00000000c4300000, 0x00000000eab00000)
  object space 68608K, 39% used [0x00000000c0000000,0x00000000c1a36f58,0x00000000c4300000)
 Metaspace       used 33519K, capacity 35267K, committed 35584K, reserved 1081344K
  class space    used 3155K, capacity 3824K, committed 3840K, reserved 1048576K
}

